2018-09-11 23:29:18.527  INFO 7759 --- [main] t.c.i.AngularDynamicComponentApplication : Starting AngularDynamicComponentApplication on eren with PID 7759 (/home/eren/eclipse-workspace/angular-dynamic-component-demo-backend/target/classes started by eren in /home/eren/eclipse-workspace/angular-dynamic-component-demo-backend)
2018-09-11 23:29:18.539  INFO 7759 --- [main] t.c.i.AngularDynamicComponentApplication : No active profile set, falling back to default profiles: default
2018-09-11 23:29:18.583  INFO 7759 --- [main] ConfigServletWebServerApplicationContext : Refreshing org.springframework.boot.web.servlet.context.AnnotationConfigServletWebServerApplicationContext@78b729e6: startup date [Tue Sep 11 23:29:18 EET 2018]; root of context hierarchy
2018-09-11 23:29:19.492  INFO 7759 --- [main] o.s.b.w.embedded.tomcat.TomcatWebServer  : Tomcat initialized with port(s): 8080 (http)
2018-09-11 23:29:19.509  INFO 7759 --- [main] o.apache.catalina.core.StandardService   : Starting service [Tomcat]
2018-09-11 23:29:19.510  INFO 7759 --- [main] org.apache.catalina.core.StandardEngine  : Starting Servlet Engine: Apache Tomcat/8.5.31
2018-09-11 23:29:19.515  INFO 7759 --- [localhost-startStop-1] o.a.catalina.core.AprLifecycleListener   : The APR based Apache Tomcat Native library which allows optimal performance in production environments was not found on the java.library.path: [/usr/java/packages/lib/amd64:/usr/lib/x86_64-linux-gnu/jni:/lib/x86_64-linux-gnu:/usr/lib/x86_64-linux-gnu:/usr/lib/jni:/lib:/usr/lib]
2018-09-11 23:29:19.569  INFO 7759 --- [localhost-startStop-1] o.a.c.c.C.[Tomcat].[localhost].[/api]    : Initializing Spring embedded WebApplicationContext
2018-09-11 23:29:19.569  INFO 7759 --- [localhost-startStop-1] o.s.web.context.ContextLoader            : Root WebApplicationContext: initialization completed in 986 ms
2018-09-11 23:29:19.662  INFO 7759 --- [localhost-startStop-1] o.s.b.w.servlet.ServletRegistrationBean  : Servlet dispatcherServlet mapped to [/]
2018-09-11 23:29:19.666  INFO 7759 --- [localhost-startStop-1] o.s.b.w.servlet.FilterRegistrationBean   : Mapping filter: 'characterEncodingFilter' to: [/*]
2018-09-11 23:29:19.667  INFO 7759 --- [localhost-startStop-1] o.s.b.w.servlet.FilterRegistrationBean   : Mapping filter: 'hiddenHttpMethodFilter' to: [/*]
2018-09-11 23:29:19.667  INFO 7759 --- [localhost-startStop-1] o.s.b.w.servlet.FilterRegistrationBean   : Mapping filter: 'httpPutFormContentFilter' to: [/*]
2018-09-11 23:29:19.667  INFO 7759 --- [localhost-startStop-1] o.s.b.w.servlet.FilterRegistrationBean   : Mapping filter: 'requestContextFilter' to: [/*]
2018-09-11 23:29:19.843  INFO 7759 --- [main] o.s.w.s.handler.SimpleUrlHandlerMapping  : Mapped URL path [/**/favicon.ico] onto handler of type [class org.springframework.web.servlet.resource.ResourceHttpRequestHandler]
2018-09-11 23:29:20.120  INFO 7759 --- [main] s.w.s.m.m.a.RequestMappingHandlerAdapter : Looking for @ControllerAdvice: org.springframework.boot.web.servlet.context.AnnotationConfigServletWebServerApplicationContext@78b729e6: startup date [Tue Sep 11 23:29:18 EET 2018]; root of context hierarchy
2018-09-11 23:29:20.185  INFO 7759 --- [main] s.w.s.m.m.a.RequestMappingHandlerMapping : Mapped "{[/component/context],methods=[GET]}" onto public org.springframework.http.ResponseEntity<?> tr.com.ias.controller.ComponentController.getContextPath()
2018-09-11 23:29:20.187  INFO 7759 --- [main] s.w.s.m.m.a.RequestMappingHandlerMapping : Mapped "{[/component/generate],methods=[GET]}" onto public org.springframework.http.ResponseEntity<?> tr.com.ias.controller.ComponentController.generateRandomComponent()
2018-09-11 23:29:20.191  INFO 7759 --- [main] s.w.s.m.m.a.RequestMappingHandlerMapping : Mapped "{[/component/generate/{componentId}],methods=[GET]}" onto public org.springframework.http.ResponseEntity<?> tr.com.ias.controller.ComponentController.generateComponentCont(int)
2018-09-11 23:29:20.198  INFO 7759 --- [main] s.w.s.m.m.a.RequestMappingHandlerMapping : Mapped "{[/error],produces=[text/html]}" onto public org.springframework.web.servlet.ModelAndView org.springframework.boot.autoconfigure.web.servlet.error.BasicErrorController.errorHtml(javax.servlet.http.HttpServletRequest,javax.servlet.http.HttpServletResponse)
2018-09-11 23:29:20.199  INFO 7759 --- [main] s.w.s.m.m.a.RequestMappingHandlerMapping : Mapped "{[/error]}" onto public org.springframework.http.ResponseEntity<java.util.Map<java.lang.String, java.lang.Object>> org.springframework.boot.autoconfigure.web.servlet.error.BasicErrorController.error(javax.servlet.http.HttpServletRequest)
2018-09-11 23:29:20.236  INFO 7759 --- [main] o.s.w.s.handler.SimpleUrlHandlerMapping  : Mapped URL path [/webjars/**] onto handler of type [class org.springframework.web.servlet.resource.ResourceHttpRequestHandler]
2018-09-11 23:29:20.237  INFO 7759 --- [main] o.s.w.s.handler.SimpleUrlHandlerMapping  : Mapped URL path [/**] onto handler of type [class org.springframework.web.servlet.resource.ResourceHttpRequestHandler]
2018-09-11 23:29:20.285  INFO 7759 --- [main] o.s.b.a.w.s.WelcomePageHandlerMapping    : Adding welcome page: class path resource [public/index.html]
2018-09-11 23:29:20.436  INFO 7759 --- [main] o.s.j.e.a.AnnotationMBeanExporter        : Registering beans for JMX exposure on startup
2018-09-11 23:29:20.505  INFO 7759 --- [main] o.s.b.w.embedded.tomcat.TomcatWebServer  : Tomcat started on port(s): 8080 (http) with context path '/api'
2018-09-11 23:29:20.518  INFO 7759 --- [main] t.c.i.AngularDynamicComponentApplication : Started AngularDynamicComponentApplication in 2.332 seconds (JVM running for 2.999)
2018-09-11 23:29:53.447  INFO 7759 --- [http-nio-8080-exec-1] o.a.c.c.C.[Tomcat].[localhost].[/api]    : Initializing Spring FrameworkServlet 'dispatcherServlet'
2018-09-11 23:29:53.447  INFO 7759 --- [http-nio-8080-exec-1] o.s.web.servlet.DispatcherServlet        : FrameworkServlet 'dispatcherServlet': initialization started
2018-09-11 23:29:53.458  INFO 7759 --- [http-nio-8080-exec-1] o.s.web.servlet.DispatcherServlet        : FrameworkServlet 'dispatcherServlet': initialization completed in 11 ms
2018-09-11 23:36:53.805  INFO 7759 --- [RMI TCP Connection(2)-127.0.0.1] inMXBeanRegistrar$SpringApplicationAdmin : Application shutdown requested.
2018-09-11 23:36:53.806  INFO 7759 --- [RMI TCP Connection(2)-127.0.0.1] ConfigServletWebServerApplicationContext : Closing org.springframework.boot.web.servlet.context.AnnotationConfigServletWebServerApplicationContext@78b729e6: startup date [Tue Sep 11 23:29:18 EET 2018]; root of context hierarchy
2018-09-11 23:36:53.809  INFO 7759 --- [RMI TCP Connection(2)-127.0.0.1] o.s.j.e.a.AnnotationMBeanExporter        : Unregistering JMX-exposed beans on shutdown
2018-09-12 09:15:09.909  INFO 1308 --- [main] t.c.i.AngularDynamicComponentApplication : Starting AngularDynamicComponentApplication on IAS-EREN with PID 1308 (C:\Users\EREN\eclipse-workspace\angular-dynamic-component-demo-backend\target\classes started by EREN in C:\Users\EREN\eclipse-workspace\angular-dynamic-component-demo-backend)
2018-09-12 09:15:09.911  INFO 1308 --- [main] t.c.i.AngularDynamicComponentApplication : No active profile set, falling back to default profiles: default
2018-09-12 09:15:09.986  INFO 1308 --- [main] ConfigServletWebServerApplicationContext : Refreshing org.springframework.boot.web.servlet.context.AnnotationConfigServletWebServerApplicationContext@3745e5c6: startup date [Wed Sep 12 09:15:09 EET 2018]; root of context hierarchy
2018-09-12 09:15:11.055  INFO 1308 --- [main] o.s.b.w.embedded.tomcat.TomcatWebServer  : Tomcat initialized with port(s): 8080 (http)
2018-09-12 09:15:11.076  INFO 1308 --- [main] o.apache.catalina.core.StandardService   : Starting service [Tomcat]
2018-09-12 09:15:11.077  INFO 1308 --- [main] org.apache.catalina.core.StandardEngine  : Starting Servlet Engine: Apache Tomcat/8.5.31
2018-09-12 09:15:11.080  INFO 1308 --- [localhost-startStop-1] o.a.catalina.core.AprLifecycleListener   : The APR based Apache Tomcat Native library which allows optimal performance in production environments was not found on the java.library.path: [C:\Program Files\Java\jre1.8.0_161\bin;C:\WINDOWS\Sun\Java\bin;C:\WINDOWS\system32;C:\WINDOWS;C:/Program Files/Java/jre1.8.0_171/bin/server;C:/Program Files/Java/jre1.8.0_171/bin;C:/Program Files/Java/jre1.8.0_171/lib/amd64;C:\Program Files (x86)\Common Files\Oracle\Java\javapath;C:\ProgramData\Oracle\Java\javapath;C:\Program Files (x86)\Intel\iCLS Client\;C:\Program Files\Intel\iCLS Client\;C:\WINDOWS\system32;C:\WINDOWS;C:\WINDOWS\System32\Wbem;C:\WINDOWS\System32\WindowsPowerShell\v1.0\;C:\Program Files (x86)\Intel\Intel(R) Management Engine Components\DAL;C:\Program Files\Intel\Intel(R) Management Engine Components\DAL;C:\Program Files (x86)\Intel\Intel(R) Management Engine Components\IPT;C:\Program Files\Intel\Intel(R) Management Engine Components\IPT;C:\Program Files\Git\cmd;C:\Program Files\nodejs\;C:\Users\EREN\JavaUtil\apache-maven-3.5.3\bin;;C:\WINDOWS\System32\OpenSSH\;C:\Users\EREN\AppData\Local\Microsoft\WindowsApps;C:\Users\EREN\AppData\Roaming\npm;%JAVA_HOME%\bin;C:\Users\EREN\AppData\Local\Microsoft\WindowsApps;C:\Users\EREN\AppData\Roaming\npm;C:\Users\EREN\JavaUtil\eclipse;;.]
2018-09-12 09:15:11.251  INFO 1308 --- [localhost-startStop-1] o.a.c.c.C.[Tomcat].[localhost].[/api]    : Initializing Spring embedded WebApplicationContext
2018-09-12 09:15:11.253  INFO 1308 --- [localhost-startStop-1] o.s.web.context.ContextLoader            : Root WebApplicationContext: initialization completed in 1267 ms
2018-09-12 09:15:11.336  INFO 1308 --- [localhost-startStop-1] o.s.b.w.servlet.ServletRegistrationBean  : Servlet dispatcherServlet mapped to [/]
2018-09-12 09:15:11.339  INFO 1308 --- [localhost-startStop-1] o.s.b.w.servlet.FilterRegistrationBean   : Mapping filter: 'characterEncodingFilter' to: [/*]
2018-09-12 09:15:11.339  INFO 1308 --- [localhost-startStop-1] o.s.b.w.servlet.FilterRegistrationBean   : Mapping filter: 'hiddenHttpMethodFilter' to: [/*]
2018-09-12 09:15:11.340  INFO 1308 --- [localhost-startStop-1] o.s.b.w.servlet.FilterRegistrationBean   : Mapping filter: 'httpPutFormContentFilter' to: [/*]
2018-09-12 09:15:11.340  INFO 1308 --- [localhost-startStop-1] o.s.b.w.servlet.FilterRegistrationBean   : Mapping filter: 'requestContextFilter' to: [/*]
2018-09-12 09:15:11.426  INFO 1308 --- [main] o.s.w.s.handler.SimpleUrlHandlerMapping  : Mapped URL path [/**/favicon.ico] onto handler of type [class org.springframework.web.servlet.resource.ResourceHttpRequestHandler]
2018-09-12 09:15:11.591  INFO 1308 --- [main] s.w.s.m.m.a.RequestMappingHandlerAdapter : Looking for @ControllerAdvice: org.springframework.boot.web.servlet.context.AnnotationConfigServletWebServerApplicationContext@3745e5c6: startup date [Wed Sep 12 09:15:09 EET 2018]; root of context hierarchy
2018-09-12 09:15:11.645  INFO 1308 --- [main] s.w.s.m.m.a.RequestMappingHandlerMapping : Mapped "{[/component/context],methods=[GET]}" onto public org.springframework.http.ResponseEntity<?> tr.com.ias.controller.ComponentController.getContextPath()
2018-09-12 09:15:11.646  INFO 1308 --- [main] s.w.s.m.m.a.RequestMappingHandlerMapping : Mapped "{[/component/generate],methods=[GET]}" onto public org.springframework.http.ResponseEntity<?> tr.com.ias.controller.ComponentController.generateRandomComponent()
2018-09-12 09:15:11.649  INFO 1308 --- [main] s.w.s.m.m.a.RequestMappingHandlerMapping : Mapped "{[/component/generate/{componentId}],methods=[GET]}" onto public org.springframework.http.ResponseEntity<?> tr.com.ias.controller.ComponentController.generateComponentCont(int)
2018-09-12 09:15:11.650  INFO 1308 --- [main] s.w.s.m.m.a.RequestMappingHandlerMapping : Mapped "{[/error]}" onto public org.springframework.http.ResponseEntity<java.util.Map<java.lang.String, java.lang.Object>> org.springframework.boot.autoconfigure.web.servlet.error.BasicErrorController.error(javax.servlet.http.HttpServletRequest)
2018-09-12 09:15:11.651  INFO 1308 --- [main] s.w.s.m.m.a.RequestMappingHandlerMapping : Mapped "{[/error],produces=[text/html]}" onto public org.springframework.web.servlet.ModelAndView org.springframework.boot.autoconfigure.web.servlet.error.BasicErrorController.errorHtml(javax.servlet.http.HttpServletRequest,javax.servlet.http.HttpServletResponse)
2018-09-12 09:15:11.666  INFO 1308 --- [main] o.s.w.s.handler.SimpleUrlHandlerMapping  : Mapped URL path [/webjars/**] onto handler of type [class org.springframework.web.servlet.resource.ResourceHttpRequestHandler]
2018-09-12 09:15:11.666  INFO 1308 --- [main] o.s.w.s.handler.SimpleUrlHandlerMapping  : Mapped URL path [/**] onto handler of type [class org.springframework.web.servlet.resource.ResourceHttpRequestHandler]
2018-09-12 09:15:11.692  INFO 1308 --- [main] o.s.b.a.w.s.WelcomePageHandlerMapping    : Adding welcome page: class path resource [public/index.html]
2018-09-12 09:15:11.769  INFO 1308 --- [main] o.s.j.e.a.AnnotationMBeanExporter        : Registering beans for JMX exposure on startup
2018-09-12 09:15:11.796  INFO 1308 --- [main] o.s.b.w.embedded.tomcat.TomcatWebServer  : Tomcat started on port(s): 8080 (http) with context path '/api'
2018-09-12 09:15:11.799  INFO 1308 --- [main] t.c.i.AngularDynamicComponentApplication : Started AngularDynamicComponentApplication in 2.257 seconds (JVM running for 2.961)
2018-09-12 09:15:59.248  INFO 1308 --- [http-nio-8080-exec-1] o.a.c.c.C.[Tomcat].[localhost].[/api]    : Initializing Spring FrameworkServlet 'dispatcherServlet'
2018-09-12 09:15:59.249  INFO 1308 --- [http-nio-8080-exec-1] o.s.web.servlet.DispatcherServlet        : FrameworkServlet 'dispatcherServlet': initialization started
2018-09-12 09:15:59.260  INFO 1308 --- [http-nio-8080-exec-1] o.s.web.servlet.DispatcherServlet        : FrameworkServlet 'dispatcherServlet': initialization completed in 11 ms
2018-09-12 10:01:15.655  INFO 1308 --- [RMI TCP Connection(4)-127.0.0.1] inMXBeanRegistrar$SpringApplicationAdmin : Application shutdown requested.
2018-09-12 10:01:15.655  INFO 1308 --- [RMI TCP Connection(3)-127.0.0.1] inMXBeanRegistrar$SpringApplicationAdmin : Application shutdown requested.
2018-09-12 10:01:15.659  INFO 1308 --- [RMI TCP Connection(3)-127.0.0.1] ConfigServletWebServerApplicationContext : Closing org.springframework.boot.web.servlet.context.AnnotationConfigServletWebServerApplicationContext@3745e5c6: startup date [Wed Sep 12 09:15:09 EET 2018]; root of context hierarchy
2018-09-12 10:01:15.734  INFO 1308 --- [RMI TCP Connection(3)-127.0.0.1] o.s.j.e.a.AnnotationMBeanExporter        : Unregistering JMX-exposed beans on shutdown
2018-09-12 10:07:01.023  INFO 9604 --- [main] t.c.i.AngularDynamicComponentApplication : Starting AngularDynamicComponentApplication on IAS-EREN with PID 9604 (C:\Users\EREN\eclipse-workspace\angular-dynamic-component-demo-backend\target\classes started by EREN in C:\Users\EREN\eclipse-workspace\angular-dynamic-component-demo-backend)
2018-09-12 10:07:01.025  INFO 9604 --- [main] t.c.i.AngularDynamicComponentApplication : No active profile set, falling back to default profiles: default
2018-09-12 10:07:01.058  INFO 9604 --- [main] ConfigServletWebServerApplicationContext : Refreshing org.springframework.boot.web.servlet.context.AnnotationConfigServletWebServerApplicationContext@7ea37dbf: startup date [Wed Sep 12 10:07:01 EET 2018]; root of context hierarchy
2018-09-12 10:07:01.654  INFO 9604 --- [main] o.s.b.w.embedded.tomcat.TomcatWebServer  : Tomcat initialized with port(s): 8080 (http)
2018-09-12 10:07:01.668  INFO 9604 --- [main] o.apache.catalina.core.StandardService   : Starting service [Tomcat]
2018-09-12 10:07:01.668  INFO 9604 --- [main] org.apache.catalina.core.StandardEngine  : Starting Servlet Engine: Apache Tomcat/8.5.31
2018-09-12 10:07:01.671  INFO 9604 --- [localhost-startStop-1] o.a.catalina.core.AprLifecycleListener   : The APR based Apache Tomcat Native library which allows optimal performance in production environments was not found on the java.library.path: [C:\Program Files\Java\jre1.8.0_161\bin;C:\WINDOWS\Sun\Java\bin;C:\WINDOWS\system32;C:\WINDOWS;C:/Program Files/Java/jre1.8.0_171/bin/server;C:/Program Files/Java/jre1.8.0_171/bin;C:/Program Files/Java/jre1.8.0_171/lib/amd64;C:\Program Files (x86)\Common Files\Oracle\Java\javapath;C:\ProgramData\Oracle\Java\javapath;C:\Program Files (x86)\Intel\iCLS Client\;C:\Program Files\Intel\iCLS Client\;C:\WINDOWS\system32;C:\WINDOWS;C:\WINDOWS\System32\Wbem;C:\WINDOWS\System32\WindowsPowerShell\v1.0\;C:\Program Files (x86)\Intel\Intel(R) Management Engine Components\DAL;C:\Program Files\Intel\Intel(R) Management Engine Components\DAL;C:\Program Files (x86)\Intel\Intel(R) Management Engine Components\IPT;C:\Program Files\Intel\Intel(R) Management Engine Components\IPT;C:\Program Files\Git\cmd;C:\Program Files\nodejs\;C:\Users\EREN\JavaUtil\apache-maven-3.5.3\bin;;C:\WINDOWS\System32\OpenSSH\;C:\Users\EREN\AppData\Local\Microsoft\WindowsApps;C:\Users\EREN\AppData\Roaming\npm;%JAVA_HOME%\bin;C:\Users\EREN\AppData\Local\Microsoft\WindowsApps;C:\Users\EREN\AppData\Roaming\npm;C:\Users\EREN\JavaUtil\eclipse;;.]
2018-09-12 10:07:01.735  INFO 9604 --- [localhost-startStop-1] o.a.c.c.C.[Tomcat].[localhost].[/api]    : Initializing Spring embedded WebApplicationContext
2018-09-12 10:07:01.735  INFO 9604 --- [localhost-startStop-1] o.s.web.context.ContextLoader            : Root WebApplicationContext: initialization completed in 677 ms
2018-09-12 10:07:01.816  INFO 9604 --- [localhost-startStop-1] o.s.b.w.servlet.ServletRegistrationBean  : Servlet dispatcherServlet mapped to [/]
2018-09-12 10:07:01.820  INFO 9604 --- [localhost-startStop-1] o.s.b.w.servlet.FilterRegistrationBean   : Mapping filter: 'characterEncodingFilter' to: [/*]
2018-09-12 10:07:01.820  INFO 9604 --- [localhost-startStop-1] o.s.b.w.servlet.FilterRegistrationBean   : Mapping filter: 'hiddenHttpMethodFilter' to: [/*]
2018-09-12 10:07:01.821  INFO 9604 --- [localhost-startStop-1] o.s.b.w.servlet.FilterRegistrationBean   : Mapping filter: 'httpPutFormContentFilter' to: [/*]
2018-09-12 10:07:01.821  INFO 9604 --- [localhost-startStop-1] o.s.b.w.servlet.FilterRegistrationBean   : Mapping filter: 'requestContextFilter' to: [/*]
2018-09-12 10:07:01.895  INFO 9604 --- [main] o.s.w.s.handler.SimpleUrlHandlerMapping  : Mapped URL path [/**/favicon.ico] onto handler of type [class org.springframework.web.servlet.resource.ResourceHttpRequestHandler]
2018-09-12 10:07:02.022  INFO 9604 --- [main] s.w.s.m.m.a.RequestMappingHandlerAdapter : Looking for @ControllerAdvice: org.springframework.boot.web.servlet.context.AnnotationConfigServletWebServerApplicationContext@7ea37dbf: startup date [Wed Sep 12 10:07:01 EET 2018]; root of context hierarchy
2018-09-12 10:07:02.062  INFO 9604 --- [main] s.w.s.m.m.a.RequestMappingHandlerMapping : Mapped "{[/component/context],methods=[GET]}" onto public org.springframework.http.ResponseEntity<?> tr.com.ias.controller.ComponentController.getContextPath()
2018-09-12 10:07:02.062  INFO 9604 --- [main] s.w.s.m.m.a.RequestMappingHandlerMapping : Mapped "{[/component/generate],methods=[GET]}" onto public org.springframework.http.ResponseEntity<?> tr.com.ias.controller.ComponentController.generateRandomComponent()
2018-09-12 10:07:02.064  INFO 9604 --- [main] s.w.s.m.m.a.RequestMappingHandlerMapping : Mapped "{[/component/generate/{componentId}],methods=[GET]}" onto public org.springframework.http.ResponseEntity<?> tr.com.ias.controller.ComponentController.generateComponentCont(int)
2018-09-12 10:07:02.066  INFO 9604 --- [main] s.w.s.m.m.a.RequestMappingHandlerMapping : Mapped "{[/error]}" onto public org.springframework.http.ResponseEntity<java.util.Map<java.lang.String, java.lang.Object>> org.springframework.boot.autoconfigure.web.servlet.error.BasicErrorController.error(javax.servlet.http.HttpServletRequest)
2018-09-12 10:07:02.066  INFO 9604 --- [main] s.w.s.m.m.a.RequestMappingHandlerMapping : Mapped "{[/error],produces=[text/html]}" onto public org.springframework.web.servlet.ModelAndView org.springframework.boot.autoconfigure.web.servlet.error.BasicErrorController.errorHtml(javax.servlet.http.HttpServletRequest,javax.servlet.http.HttpServletResponse)
2018-09-12 10:07:02.091  INFO 9604 --- [main] o.s.w.s.handler.SimpleUrlHandlerMapping  : Mapped URL path [/webjars/**] onto handler of type [class org.springframework.web.servlet.resource.ResourceHttpRequestHandler]
2018-09-12 10:07:02.091  INFO 9604 --- [main] o.s.w.s.handler.SimpleUrlHandlerMapping  : Mapped URL path [/**] onto handler of type [class org.springframework.web.servlet.resource.ResourceHttpRequestHandler]
2018-09-12 10:07:02.119  INFO 9604 --- [main] o.s.b.a.w.s.WelcomePageHandlerMapping    : Adding welcome page: class path resource [public/index.html]
2018-09-12 10:07:02.186  INFO 9604 --- [main] o.s.j.e.a.AnnotationMBeanExporter        : Registering beans for JMX exposure on startup
2018-09-12 10:07:02.213  INFO 9604 --- [main] o.s.b.w.embedded.tomcat.TomcatWebServer  : Tomcat started on port(s): 8080 (http) with context path '/api'
2018-09-12 10:07:02.218  INFO 9604 --- [main] t.c.i.AngularDynamicComponentApplication : Started AngularDynamicComponentApplication in 1.434 seconds (JVM running for 2.341)
2018-09-12 10:07:12.109  INFO 9604 --- [http-nio-8080-exec-2] o.a.c.c.C.[Tomcat].[localhost].[/api]    : Initializing Spring FrameworkServlet 'dispatcherServlet'
2018-09-12 10:07:12.110  INFO 9604 --- [http-nio-8080-exec-2] o.s.web.servlet.DispatcherServlet        : FrameworkServlet 'dispatcherServlet': initialization started
2018-09-12 10:07:12.122  INFO 9604 --- [http-nio-8080-exec-2] o.s.web.servlet.DispatcherServlet        : FrameworkServlet 'dispatcherServlet': initialization completed in 11 ms
